{"level":"fatal","ts":"2025-06-17T01:24:26.677+0800","caller":"FileSystem/main.go:28","msg":"Failed to connect to database","error":"Error 1045 (28000): Access denied for user 'root'@'localhost' (using password: NO)"}
{"level":"fatal","ts":"2025-06-17T01:24:50.170+0800","caller":"FileSystem/main.go:33","msg":"Failed to migrate database","error":"Error 1265 (01000): Data truncated for column 'code' at row 1"}
{"level":"fatal","ts":"2025-06-17T01:28:43.838+0800","caller":"FileSystem/main.go:33","msg":"Failed to migrate database","error":"Error 1064 (42000): You have an error in your SQL syntax; check the manual that corresponds to your MySQL server version for the right syntax to use near '[]' at line 1"}
{"level":"info","ts":"2025-06-17T01:36:45.748+0800","caller":"logging/logger.go:41","msg":"user action","user_id":1,"action":"register"}
{"level":"info","ts":"2025-06-17T01:48:13.914+0800","caller":"logging/logger.go:41","msg":"user action","user_id":2,"action":"register"}
{"level":"info","ts":"2025-06-17T01:48:24.018+0800","caller":"handlers/handlers.go:66","msg":"Received login request","username":"testuser02","password":"Test@12345"}
{"level":"info","ts":"2025-06-17T01:48:24.841+0800","caller":"logging/logger.go:41","msg":"user action","user_id":2,"action":"login"}
{"level":"info","ts":"2025-06-17T02:10:40.111+0800","caller":"logging/logger.go:41","msg":"user action","user_id":2,"action":"download file"}
{"level":"fatal","ts":"2025-06-17T09:38:28.763+0800","caller":"FileSystem_SimpleVer/main.go:28","msg":"Failed to connect to database","error":"Error 1049 (42000): Unknown database 'file_system'"}
{"level":"fatal","ts":"2025-06-17T09:39:04.561+0800","caller":"FileSystem_SimpleVer/main.go:28","msg":"Failed to connect to database","error":"Error 1049 (42000): Unknown database 'file_system'"}
{"level":"fatal","ts":"2025-06-17T09:39:43.961+0800","caller":"FileSystem_SimpleVer/main.go:28","msg":"Failed to connect to database","error":"Error 1049 (42000): Unknown database 'file_system'"}
{"level":"fatal","ts":"2025-06-17T09:39:52.222+0800","caller":"FileSystem_SimpleVer/main.go:28","msg":"Failed to connect to database","error":"Error 1049 (42000): Unknown database 'file_system'"}
{"level":"fatal","ts":"2025-06-17T09:41:21.018+0800","caller":"FileSystem_SimpleVer/main.go:28","msg":"Failed to connect to database","error":"Error 1049 (42000): Unknown database 'file_system'"}
{"level":"fatal","ts":"2025-06-17T09:42:26.319+0800","caller":"FileSystem_SimpleVer/main.go:28","msg":"Failed to connect to database","error":"Error 1049 (42000): Unknown database 'file_system'"}
{"level":"fatal","ts":"2025-06-17T09:51:38.558+0800","caller":"FileSystem_SimpleVer/main.go:28","msg":"Failed to connect to database","error":"Error 1049 (42000): Unknown database 'file_system'"}
{"level":"fatal","ts":"2025-06-17T10:21:45.166+0800","caller":"FileSystem_SimpleVer/main.go:29","msg":"连接数据库失败","error":"Error 1049 (42000): Unknown database 'file_system'"}
{"level":"fatal","ts":"2025-06-17T10:21:50.021+0800","caller":"FileSystem_SimpleVer/main.go:29","msg":"连接数据库失败","error":"Error 1049 (42000): Unknown database 'file_system'"}
{"level":"fatal","ts":"2025-06-17T10:22:13.835+0800","caller":"FileSystem_SimpleVer/main.go:29","msg":"连接数据库失败","error":"Error 1049 (42000): Unknown database 'file_system'"}
{"level":"fatal","ts":"2025-06-17T10:22:41.768+0800","caller":"FileSystem_SimpleVer/main.go:29","msg":"连接数据库失败","error":"Error 1049 (42000): Unknown database 'file_system'"}
{"level":"info","ts":"2025-06-17T10:34:21.459+0800","caller":"logging/logger.go:41","msg":"user action","user_id":1,"action":"register"}
{"level":"info","ts":"2025-06-17T10:34:39.713+0800","caller":"handlers/handlers.go:66","msg":"已接收登录请求","username":"testuser01","password":"Test@12345"}
{"level":"info","ts":"2025-06-17T10:34:40.536+0800","caller":"logging/logger.go:41","msg":"user action","user_id":1,"action":"login"}
{"level":"info","ts":"2025-06-17T11:12:53.649+0800","caller":"logging/logger.go:41","msg":"user action","user_id":2,"action":"register"}
{"level":"info","ts":"2025-06-17T11:26:14.583+0800","caller":"logging/logger.go:41","msg":"user action","user_id":3,"action":"register"}
{"level":"info","ts":"2025-06-17T11:27:57.664+0800","caller":"handlers/handlers.go:66","msg":"已接收登录请求","username":"nahida3000","password":"@Nahida3000"}
{"level":"info","ts":"2025-06-17T11:27:58.420+0800","caller":"logging/logger.go:41","msg":"user action","user_id":3,"action":"login"}
{"level":"info","ts":"2025-06-17T11:31:18.443+0800","caller":"logging/logger.go:41","msg":"user action","user_id":3,"action":"download file"}
{"level":"info","ts":"2025-06-17T12:39:13.154+0800","caller":"logging/logger.go:41","msg":"user action","user_id":3,"action":"register"}
{"level":"info","ts":"2025-06-17T12:52:27.989+0800","caller":"logging/logger.go:41","msg":"user action","user_id":4,"action":"register"}
{"level":"info","ts":"2025-06-17T12:53:28.848+0800","caller":"handlers/handlers.go:66","msg":"已接收登录请求","username":"viper1879","password":"@Viper1879"}
{"level":"info","ts":"2025-06-17T12:53:29.686+0800","caller":"logging/logger.go:41","msg":"user action","user_id":4,"action":"login"}
{"level":"info","ts":"2025-06-17T12:55:51.254+0800","caller":"logging/logger.go:41","msg":"user action","user_id":4,"action":"download file"}
{"level":"info","ts":"2025-06-17T13:01:21.102+0800","caller":"handlers/handlers.go:66","msg":"已接收登录请求","username":"zooker1978","password":"@Zooker1978"}
{"level":"info","ts":"2025-06-17T13:01:21.925+0800","caller":"logging/logger.go:41","msg":"user action","user_id":3,"action":"login"}
{"level":"info","ts":"2025-06-19T21:05:29.204+0800","caller":"handlers/handlers.go:66","msg":"已接收登录请求","username":"zooker1978","password":"@Zooker19781"}
{"level":"info","ts":"2025-06-19T21:05:40.725+0800","caller":"handlers/handlers.go:66","msg":"已接收登录请求","username":"zooker1978","password":"@Zooker1978"}
{"level":"info","ts":"2025-06-19T21:05:41.549+0800","caller":"logging/logger.go:41","msg":"user action","user_id":3,"action":"login"}
